Using pre-set license
Built from '2021.3/staging' branch; Version is '2021.3.14f1 (eee1884e7226) revision 15655304'; Using compiler version '192829333'; Build Type 'Release'
OS: 'Windows 10  (10.0.19045) 64bit Education' Language: 'ko' Physical Memory: 16318 MB
BatchMode: 1, IsHumanControllingUs: 0, StartBugReporterOnCrash: 0, Is64bit: 1, IsPro: 1

COMMAND LINE ARGUMENTS:
C:\Program Files\Unity\Hub\Editor\2021.3.14f1\Editor\Unity.exe
-adb2
-batchMode
-noUpm
-name
AssetImportWorker0
-projectPath
C:/Users/Administrator/Desktop/UnityLecture/Animation
-logFile
Logs/AssetImportWorker0.log
-srvPort
62405
Successfully changed project path to: C:/Users/Administrator/Desktop/UnityLecture/Animation
C:/Users/Administrator/Desktop/UnityLecture/Animation
[UnityMemory] Configuration Parameters - Can be set up in boot.config
    "memorysetup-bucket-allocator-granularity=16"
    "memorysetup-bucket-allocator-bucket-count=8"
    "memorysetup-bucket-allocator-block-size=33554432"
    "memorysetup-bucket-allocator-block-count=8"
    "memorysetup-main-allocator-block-size=16777216"
    "memorysetup-thread-allocator-block-size=16777216"
    "memorysetup-gfx-main-allocator-block-size=16777216"
    "memorysetup-gfx-thread-allocator-block-size=16777216"
    "memorysetup-cache-allocator-block-size=4194304"
    "memorysetup-typetree-allocator-block-size=2097152"
    "memorysetup-profiler-bucket-allocator-granularity=16"
    "memorysetup-profiler-bucket-allocator-bucket-count=8"
    "memorysetup-profiler-bucket-allocator-block-size=33554432"
    "memorysetup-profiler-bucket-allocator-block-count=8"
    "memorysetup-profiler-allocator-block-size=16777216"
    "memorysetup-profiler-editor-allocator-block-size=1048576"
    "memorysetup-temp-allocator-size-main=16777216"
    "memorysetup-job-temp-allocator-block-size=2097152"
    "memorysetup-job-temp-allocator-block-size-background=1048576"
    "memorysetup-job-temp-allocator-reduction-small-platforms=262144"
    "memorysetup-temp-allocator-size-background-worker=32768"
    "memorysetup-temp-allocator-size-job-worker=262144"
    "memorysetup-temp-allocator-size-preload-manager=33554432"
    "memorysetup-temp-allocator-size-nav-mesh-worker=65536"
    "memorysetup-temp-allocator-size-audio-worker=65536"
    "memorysetup-temp-allocator-size-cloud-worker=32768"
    "memorysetup-temp-allocator-size-gi-baking-worker=262144"
    "memorysetup-temp-allocator-size-gfx=262144"
Refreshing native plugins compatible for Editor in 92.46 ms, found 3 plugins.
Preloading 0 native plugins for Editor in 0.00 ms.
Initialize engine version: 2021.3.14f1 (eee1884e7226)
[Subsystems] Discovering subsystems at path C:/Program Files/Unity/Hub/Editor/2021.3.14f1/Editor/Data/Resources/UnitySubsystems
[Subsystems] Discovering subsystems at path C:/Users/Administrator/Desktop/UnityLecture/Animation/Assets
GfxDevice: creating device client; threaded=0; jobified=0
Direct3D:
    Version:  Direct3D 11.0 [level 11.1]
    Renderer: NVIDIA GeForce GTX 1660 (ID=0x2184)
    Vendor:   NVIDIA
    VRAM:     5991 MB
    Driver:   31.0.15.1694
Initialize mono
Mono path[0] = 'C:/Program Files/Unity/Hub/Editor/2021.3.14f1/Editor/Data/Managed'
Mono path[1] = 'C:/Program Files/Unity/Hub/Editor/2021.3.14f1/Editor/Data/MonoBleedingEdge/lib/mono/unityjit-win32'
Mono config path = 'C:/Program Files/Unity/Hub/Editor/2021.3.14f1/Editor/Data/MonoBleedingEdge/etc'
Using monoOptions --debugger-agent=transport=dt_socket,embedding=1,server=y,suspend=n,address=127.0.0.1:56476
Begin MonoManager ReloadAssembly
Registering precompiled unity dll's ...
Register platform support module: C:/Program Files/Unity/Hub/Editor/2021.3.14f1/Editor/Data/PlaybackEngines/AndroidPlayer/UnityEditor.Android.Extensions.dll
Register platform support module: C:/Program Files/Unity/Hub/Editor/2021.3.14f1/Editor/Data/PlaybackEngines/WindowsStandaloneSupport/UnityEditor.WindowsStandalone.Extensions.dll
Registered in 0.011668 seconds.
Native extension for WindowsStandalone target not found
Native extension for Android target not found
Refreshing native plugins compatible for Editor in 89.14 ms, found 3 plugins.
Preloading 0 native plugins for Editor in 0.00 ms.
Mono: successfully reloaded assembly
- Completed reload, in  0.803 seconds
Domain Reload Profiling:
	ReloadAssembly (803ms)
		BeginReloadAssembly (101ms)
			ExecutionOrderSort (0ms)
			DisableScriptedObjects (0ms)
			BackupInstance (0ms)
			ReleaseScriptingObjects (0ms)
			CreateAndSetChildDomain (1ms)
		EndReloadAssembly (561ms)
			LoadAssemblies (100ms)
			RebuildTransferFunctionScriptingTraits (0ms)
			SetupTypeCache (146ms)
			ReleaseScriptCaches (0ms)
			RebuildScriptCaches (33ms)
			SetupLoadedEditorAssemblies (321ms)
				LogAssemblyErrors (0ms)
				InitializePlatformSupportModulesInManaged (66ms)
				SetLoadedEditorAssemblies (0ms)
				RefreshPlugins (89ms)
				BeforeProcessingInitializeOnLoad (2ms)
				ProcessInitializeOnLoadAttributes (110ms)
				ProcessInitializeOnLoadMethodAttributes (54ms)
				AfterProcessingInitializeOnLoad (0ms)
				EditorAssembliesLoaded (0ms)
			ExecutionOrderSort2 (0ms)
			AwakeInstancesAfterBackupRestoration (0ms)
Platform modules already initialized, skipping
Registering precompiled user dll's ...
Registered in 0.007412 seconds.
Begin MonoManager ReloadAssembly
Symbol file LoadedFromMemory doesn't match image C:\Users\Administrator\Desktop\UnityLecture\Animation\Library\PackageCache\com.unity.visualscripting@1.7.8\Editor\VisualScripting.Core\Dependencies\YamlDotNet\Unity.VisualScripting.YamlDotNet.dll
Symbol file LoadedFromMemory doesn't match image C:\Users\Administrator\Desktop\UnityLecture\Animation\Library\PackageCache\com.unity.visualscripting@1.7.8\Editor\VisualScripting.Core\Dependencies\DotNetZip\Unity.VisualScripting.IonicZip.dll
Native extension for WindowsStandalone target not found
Native extension for Android target not found
Refreshing native plugins compatible for Editor in 1.08 ms, found 3 plugins.
Preloading 0 native plugins for Editor in 0.00 ms.
Mono: successfully reloaded assembly
- Completed reload, in  1.505 seconds
Domain Reload Profiling:
	ReloadAssembly (1506ms)
		BeginReloadAssembly (259ms)
			ExecutionOrderSort (0ms)
			DisableScriptedObjects (7ms)
			BackupInstance (0ms)
			ReleaseScriptingObjects (0ms)
			CreateAndSetChildDomain (132ms)
		EndReloadAssembly (1098ms)
			LoadAssemblies (144ms)
			RebuildTransferFunctionScriptingTraits (0ms)
			SetupTypeCache (348ms)
			ReleaseScriptCaches (1ms)
			RebuildScriptCaches (77ms)
			SetupLoadedEditorAssemblies (488ms)
				LogAssemblyErrors (0ms)
				InitializePlatformSupportModulesInManaged (21ms)
				SetLoadedEditorAssemblies (1ms)
				RefreshPlugins (1ms)
				BeforeProcessingInitializeOnLoad (104ms)
				ProcessInitializeOnLoadAttributes (309ms)
				ProcessInitializeOnLoadMethodAttributes (40ms)
				AfterProcessingInitializeOnLoad (13ms)
				EditorAssembliesLoaded (0ms)
			ExecutionOrderSort2 (0ms)
			AwakeInstancesAfterBackupRestoration (9ms)
Platform modules already initialized, skipping
========================================================================
Worker process is ready to serve import requests
Launched and connected shader compiler UnityShaderCompiler.exe after 0.05 seconds
Refreshing native plugins compatible for Editor in 1.71 ms, found 3 plugins.
Preloading 0 native plugins for Editor in 0.00 ms.
Unloading 3368 Unused Serialized files (Serialized files now loaded: 0)
Unloading 27 unused Assets / (113.7 KB). Loaded Objects now: 3828.
Memory consumption went from 122.3 MB to 122.1 MB.
Total: 10.082800 ms (FindLiveObjects: 1.043400 ms CreateObjectMapping: 0.500700 ms MarkObjects: 8.212400 ms  DeleteObjects: 0.323600 ms)

AssetImportParameters requested are different than current active one (requested -> active):
  custom:video-decoder-ogg-theora: a1e56fd34408186e4bbccfd4996cb3dc -> 
  custom:container-muxer-webm: aa71ff27fc2769a1b78a27578f13a17b -> 
  custom:container-demuxer-webm: 4f35f7cbe854078d1ac9338744f61a02 -> 
  custom:video-encoder-webm-vp8: eb34c28f22e8b96e1ab97ce403110664 -> 
  custom:audio-encoder-webm-vorbis: bf7c407c2cedff20999df2af8eb42d56 -> 
  custom:framework-win-MediaFoundation: 216162199b28c13a410421893ffa2e32 -> 
  custom:container-demuxer-ogg: 62fdf1f143b41e24485cea50d1cbac27 -> 
  custom:video-decoder-webm-vp8: 9c59270c3fd7afecdb556c50c9e8de78 -> 
  custom:audio-decoder-ogg-vorbis: bf7c407c2cedff20999df2af8eb42d56 -> 
========================================================================
Received Import Request.
  Time since last request: 2420789.021076 seconds.
  path: Assets/Animation Retargeting
  artifactKey: Guid(0ebc25e0a58d86548b3b072328e5b3e8) Importer(815301076,1909f56bfc062723c751e8b465ee728b)
Start importing Assets/Animation Retargeting using Guid(0ebc25e0a58d86548b3b072328e5b3e8) Importer(815301076,1909f56bfc062723c751e8b465ee728b)  -> (artifact id: '0fc1c965a469586db3340b4569adfb3a') in 0.027795 seconds 
========================================================================
Received Import Request.
  Time since last request: 86.876054 seconds.
  path: Assets/Animation Retargeting/Scene
  artifactKey: Guid(f69478b90fccbae4da49295bf1450202) Importer(815301076,1909f56bfc062723c751e8b465ee728b)
Start importing Assets/Animation Retargeting/Scene using Guid(f69478b90fccbae4da49295bf1450202) Importer(815301076,1909f56bfc062723c751e8b465ee728b)  -> (artifact id: '8357ffab9f5f632cc4cb4e49f5fced78') in 0.008975 seconds 
========================================================================
Received Import Request.
  Time since last request: 9.465317 seconds.
  path: Assets/Animation Retargeting/Script
  artifactKey: Guid(3968f1f0255c15144b82baaa557a0612) Importer(815301076,1909f56bfc062723c751e8b465ee728b)
Start importing Assets/Animation Retargeting/Script using Guid(3968f1f0255c15144b82baaa557a0612) Importer(815301076,1909f56bfc062723c751e8b465ee728b)  -> (artifact id: 'ca2d0dab34c3e47502d563f08e2d7c16') in 0.008539 seconds 
========================================================================
Received Import Request.
  Time since last request: 17.614147 seconds.
  path: Assets/Animation Retargeting/Animator
  artifactKey: Guid(addcab3e60760cc4fbd8a6d66d4344b8) Importer(815301076,1909f56bfc062723c751e8b465ee728b)
Start importing Assets/Animation Retargeting/Animator using Guid(addcab3e60760cc4fbd8a6d66d4344b8) Importer(815301076,1909f56bfc062723c751e8b465ee728b)  -> (artifact id: '272f553db4c14b775295d5ac0d2de289') in 0.008997 seconds 
========================================================================
Received Import Request.
  Time since last request: 75.084928 seconds.
  path: Assets/Animation Retargeting/Scene/Animation Retargeting Example.unity
  artifactKey: Guid(babe15bd492d9f54897c9a7a721053c5) Importer(815301076,1909f56bfc062723c751e8b465ee728b)
Start importing Assets/Animation Retargeting/Scene/Animation Retargeting Example.unity using Guid(babe15bd492d9f54897c9a7a721053c5) Importer(815301076,1909f56bfc062723c751e8b465ee728b)  -> (artifact id: '5188b7121fce2d21f187eb63dfe670a5') in 0.008577 seconds 
========================================================================
Received Import Request.
  Time since last request: 131.888157 seconds.
  path: Assets/Animation Retargeting/Model
  artifactKey: Guid(b00e1bca083826545ac928261227b32c) Importer(815301076,1909f56bfc062723c751e8b465ee728b)
Start importing Assets/Animation Retargeting/Model using Guid(b00e1bca083826545ac928261227b32c) Importer(815301076,1909f56bfc062723c751e8b465ee728b)  -> (artifact id: '89066e20c7dc8fb50e750ce57408e453') in 0.012026 seconds 
========================================================================
Received Import Request.
  Time since last request: 0.045104 seconds.
  path: Assets/Animation Retargeting/Model/Ely By K.Atienza.fbx
  artifactKey: Guid(e13432ab9abbfd742b34870f76d624ce) Importer(815301076,1909f56bfc062723c751e8b465ee728b)
Start importing Assets/Animation Retargeting/Model/Ely By K.Atienza.fbx using Guid(e13432ab9abbfd742b34870f76d624ce) Importer(815301076,1909f56bfc062723c751e8b465ee728b)  -> (artifact id: '5eb32d55b55cbcec2348c6698fa5fb0a') in 0.271254 seconds 
========================================================================
Received Import Request.
  Time since last request: 0.000063 seconds.
  path: Assets/Animation Retargeting/Model/Skeleton.FBX
  artifactKey: Guid(a58154c350c4ccf47a6cdad03a8dca1a) Importer(815301076,1909f56bfc062723c751e8b465ee728b)
Start importing Assets/Animation Retargeting/Model/Skeleton.FBX using Guid(a58154c350c4ccf47a6cdad03a8dca1a) Importer(815301076,1909f56bfc062723c751e8b465ee728b)  -> (artifact id: '24f06b8a3b85b8a7bf853b89c10d5bf5') in 0.053724 seconds 
========================================================================
Received Import Request.
  Time since last request: 6.680851 seconds.
  path: Assets/Animation Retargeting/Texture/Back Ground.jpg
  artifactKey: Guid(2d8fcd5ac2d3da4428015c955736e4b3) Importer(815301076,1909f56bfc062723c751e8b465ee728b)
Start importing Assets/Animation Retargeting/Texture/Back Ground.jpg using Guid(2d8fcd5ac2d3da4428015c955736e4b3) Importer(815301076,1909f56bfc062723c751e8b465ee728b)  -> (artifact id: 'aef60b17eca43a76c8b00db7036892b1') in 0.279025 seconds 
========================================================================
Received Import Request.
  Time since last request: 47.451168 seconds.
  path: Assets/Animation Retargeting/Texture
  artifactKey: Guid(a435f553345464b4c8bc3849f0cf709a) Importer(815301076,1909f56bfc062723c751e8b465ee728b)
Start importing Assets/Animation Retargeting/Texture using Guid(a435f553345464b4c8bc3849f0cf709a) Importer(815301076,1909f56bfc062723c751e8b465ee728b)  -> (artifact id: '13a692fecdc75d912652a84206bfc855') in 0.008906 seconds 
========================================================================
Received Import Request.
  Time since last request: 4.937552 seconds.
  path: Assets/Animation Retargeting/Texture/Ely By K.Atienza
  artifactKey: Guid(d0dac91ad2cc2c3468ec2eaae2d2d228) Importer(815301076,1909f56bfc062723c751e8b465ee728b)
Start importing Assets/Animation Retargeting/Texture/Ely By K.Atienza using Guid(d0dac91ad2cc2c3468ec2eaae2d2d228) Importer(815301076,1909f56bfc062723c751e8b465ee728b)  -> (artifact id: '743ee5ebf34367c427ff2084617ba3af') in 0.003467 seconds 
========================================================================
Received Import Request.
  Time since last request: 16.757454 seconds.
  path: Assets/Animation Retargeting/Texture/Erika Archer
  artifactKey: Guid(31e6f042ee5810e4aaf7df71da7b8a6c) Importer(815301076,1909f56bfc062723c751e8b465ee728b)
Start importing Assets/Animation Retargeting/Texture/Erika Archer using Guid(31e6f042ee5810e4aaf7df71da7b8a6c) Importer(815301076,1909f56bfc062723c751e8b465ee728b)  -> (artifact id: 'b84b3744e1474f1cfb708e0ea692294a') in 0.005960 seconds 
========================================================================
Received Import Request.
  Time since last request: 146.615861 seconds.
  path: Assets/Animation Retargeting/Animation
  artifactKey: Guid(a32602d57eb86fd47b55be53692e391b) Importer(815301076,1909f56bfc062723c751e8b465ee728b)
Start importing Assets/Animation Retargeting/Animation using Guid(a32602d57eb86fd47b55be53692e391b) Importer(815301076,1909f56bfc062723c751e8b465ee728b)  -> (artifact id: 'a1cf225af967fda8a8dfbba97f871361') in 0.009275 seconds 
========================================================================
Received Import Request.
  Time since last request: 9.781805 seconds.
  path: Assets/Animation Retargeting/Animation/Attack.fbx
  artifactKey: Guid(32d7ba87b196cb849945f5fe8ee01794) Importer(815301076,1909f56bfc062723c751e8b465ee728b)
Start importing Assets/Animation Retargeting/Animation/Attack.fbx using Guid(32d7ba87b196cb849945f5fe8ee01794) Importer(815301076,1909f56bfc062723c751e8b465ee728b)  -> (artifact id: 'cf6c3eb54c38f5a96702b64816ccaca3') in 0.012273 seconds 
========================================================================
Received Import Request.
  Time since last request: 1200.975874 seconds.
  path: Assets/Animation Retargeting/Model/Ely By K.Atienza.fbx
  artifactKey: Guid(e13432ab9abbfd742b34870f76d624ce) Importer(815301076,1909f56bfc062723c751e8b465ee728b)
Start importing Assets/Animation Retargeting/Model/Ely By K.Atienza.fbx using Guid(e13432ab9abbfd742b34870f76d624ce) Importer(815301076,1909f56bfc062723c751e8b465ee728b)  -> (artifact id: 'ec3dde44d21d30e86b782847122fbdbf') in 0.141581 seconds 
========================================================================
Received Import Request.
  Time since last request: 4.436532 seconds.
  path: Assets/Animation Retargeting/Model/Ely By K.Atienza.fbx
  artifactKey: Guid(e13432ab9abbfd742b34870f76d624ce) Importer(815301076,1909f56bfc062723c751e8b465ee728b)
Start importing Assets/Animation Retargeting/Model/Ely By K.Atienza.fbx using Guid(e13432ab9abbfd742b34870f76d624ce) Importer(815301076,1909f56bfc062723c751e8b465ee728b)  -> (artifact id: '6e8a3a6fafa549fa0871be6b21871aab') in 0.058818 seconds 
========================================================================
Received Import Request.
  Time since last request: 146.271776 seconds.
  path: Assets/Animation Retargeting/Animator/New Animator Controller.controller
  artifactKey: Guid(db902d39d16c80741ba612b30a1020cf) Importer(815301076,1909f56bfc062723c751e8b465ee728b)
Start importing Assets/Animation Retargeting/Animator/New Animator Controller.controller using Guid(db902d39d16c80741ba612b30a1020cf) Importer(815301076,1909f56bfc062723c751e8b465ee728b)  -> (artifact id: '1fc0f6ea871733ca500b010d99ad489b') in 0.015074 seconds 
========================================================================
Received Import Request.
  Time since last request: 147.180044 seconds.
  path: Assets/Animation Retargeting/Model/Erika Archer.fbx
  artifactKey: Guid(606883e760f55544db58d632bba75d1c) Importer(815301076,1909f56bfc062723c751e8b465ee728b)
Start importing Assets/Animation Retargeting/Model/Erika Archer.fbx using Guid(606883e760f55544db58d632bba75d1c) Importer(815301076,1909f56bfc062723c751e8b465ee728b)  -> (artifact id: 'ee53696d13fcec2f1010347d7be77203') in 0.368081 seconds 
========================================================================
Received Import Request.
  Time since last request: 3.135878 seconds.
  path: Assets/Animation Retargeting/Model/Erika Archer.fbx
  artifactKey: Guid(606883e760f55544db58d632bba75d1c) Importer(815301076,1909f56bfc062723c751e8b465ee728b)
Start importing Assets/Animation Retargeting/Model/Erika Archer.fbx using Guid(606883e760f55544db58d632bba75d1c) Importer(815301076,1909f56bfc062723c751e8b465ee728b)  -> (artifact id: 'f86bba06da9628370e5f4c1918637af9') in 0.152252 seconds 
========================================================================
Received Import Request.
  Time since last request: 1.691649 seconds.
  path: Assets/Animation Retargeting/Texture/Ely By K.Atienza/ely-vanguardsoldier-kerwinatienza_diffuse.png
  artifactKey: Guid(1ea82319f1205f847a96dcfab0151a1d) Importer(815301076,1909f56bfc062723c751e8b465ee728b)
Start importing Assets/Animation Retargeting/Texture/Ely By K.Atienza/ely-vanguardsoldier-kerwinatienza_diffuse.png using Guid(1ea82319f1205f847a96dcfab0151a1d) Importer(815301076,1909f56bfc062723c751e8b465ee728b)  -> (artifact id: '6ec8b38e5ac1e2908c023fd5829acb2e') in 0.020905 seconds 
========================================================================
Received Import Request.
  Time since last request: 0.000057 seconds.
  path: Assets/Animation Retargeting/Texture/Ely By K.Atienza/ely-vanguardsoldier-kerwinatienza_specular.png
  artifactKey: Guid(4818bd439f411fe489c580623160208c) Importer(815301076,1909f56bfc062723c751e8b465ee728b)
Start importing Assets/Animation Retargeting/Texture/Ely By K.Atienza/ely-vanguardsoldier-kerwinatienza_specular.png using Guid(4818bd439f411fe489c580623160208c) Importer(815301076,1909f56bfc062723c751e8b465ee728b)  -> (artifact id: '2f0dcf48f43597e39cf54bca9ff3b0b3') in 0.019850 seconds 
========================================================================
Received Import Request.
  Time since last request: 0.327765 seconds.
  path: Assets/Animation Retargeting/Texture/Erika Archer/Erika_Archer_Clothes_diffuse.png
  artifactKey: Guid(bd1d6b73ed02261408f68c53dcc050bd) Importer(815301076,1909f56bfc062723c751e8b465ee728b)
Start importing Assets/Animation Retargeting/Texture/Erika Archer/Erika_Archer_Clothes_diffuse.png using Guid(bd1d6b73ed02261408f68c53dcc050bd) Importer(815301076,1909f56bfc062723c751e8b465ee728b)  -> (artifact id: 'e260b14413db79ef208535dd8d1727da') in 0.031342 seconds 
========================================================================
Received Import Request.
  Time since last request: 0.000043 seconds.
  path: Assets/Animation Retargeting/Texture/Erika Archer/FemaleFitA_StdNM.png
  artifactKey: Guid(7b1d731b9b2e1204fb4fb708e9fac216) Importer(815301076,1909f56bfc062723c751e8b465ee728b)
Start importing Assets/Animation Retargeting/Texture/Erika Archer/FemaleFitA_StdNM.png using Guid(7b1d731b9b2e1204fb4fb708e9fac216) Importer(815301076,1909f56bfc062723c751e8b465ee728b)  -> (artifact id: '0203e1f635a8053fed1353038f0b9403') in 0.036892 seconds 
Editor requested this worker to shutdown with reason: Scaling down because of idle timeout
AssetImportWorker is now disconnected from the server
Process exiting
Exiting without the bug reporter. Application will terminate with return code 0